<?xml version="1.0" encoding="UTF-8"?>
<!-- Generated by org.testng.reporters.JUnitXMLReporter -->
<testsuite ignored="0" hostname="DESKTOP-5P8GHBG" failures="0" tests="1" name="Test-runner 1" time="56.928" errors="0" timestamp="2024-03-01T14:45:18 IST">
  <testcase classname="oganizations.CreateOrganizationTest" name="createOrganizationTest" time="33.438"/>
</testsuite> <!-- Test-runner 1 -->
