<?xml version="1.0" encoding="UTF-8"?>
<!-- Generated by org.testng.reporters.JUnitXMLReporter -->
<testsuite ignored="0" hostname="DESKTOP-5P8GHBG" failures="0" tests="1" name="Test-runner 2" time="55.636" errors="0" timestamp="2024-03-01T14:45:17 IST">
  <testcase classname="contacts.CreateContactsTest" name="createConatactsTest" time="32.677"/>
</testsuite> <!-- Test-runner 2 -->
