<?xml version="1.0" encoding="UTF-8"?>
<!-- Generated by org.testng.reporters.JUnitReportReporter -->
<testsuite hostname="DESKTOP-5P8GHBG" failures="0" tests="1" name="contacts.CreateContactsTest" time="41.098" errors="0" timestamp="2024-03-01T14:45:18 IST" skipped="0">
  <testcase classname="contacts.CreateContactsTest" name="createConatactsTest" time="41.098"/>
</testsuite> <!-- contacts.CreateContactsTest -->
