<?xml version="1.0" encoding="UTF-8"?>
<!-- Generated by org.testng.reporters.JUnitReportReporter -->
<testsuite hostname="DESKTOP-5P8GHBG" failures="0" tests="1" name="oganizations.CreateOrganizationTest" time="42.786" errors="0" timestamp="2024-03-01T14:45:18 IST" skipped="0">
  <testcase classname="oganizations.CreateOrganizationTest" name="createOrganizationTest" time="42.786"/>
</testsuite> <!-- oganizations.CreateOrganizationTest -->
